0 info it worked if it ends with ok
1 verbose cli [ '/usr/local/bin/node',
1 verbose cli   '/Users/ramirovergara/workspace/EVO/CMS/version1/CMS-EVO/node_modules/.bin/npm',
1 verbose cli   'run',
1 verbose cli   'build:prod',
1 verbose cli   '--',
1 verbose cli   '--aot' ]
2 info using npm@3.5.4
3 info using node@v6.11.4
4 warn invalid config loglevel="notice"
5 verbose run-script [ 'prebuild:prod', 'build:prod', 'postbuild:prod' ]
6 info lifecycle ng2-admin@1.0.0~prebuild:prod: ng2-admin@1.0.0
7 silly lifecycle ng2-admin@1.0.0~prebuild:prod: no script for prebuild:prod, continuing
8 info lifecycle ng2-admin@1.0.0~build:prod: ng2-admin@1.0.0
9 verbose lifecycle ng2-admin@1.0.0~build:prod: unsafe-perm in lifecycle true
10 verbose lifecycle ng2-admin@1.0.0~build:prod: PATH: /Users/ramirovergara/workspace/EVO/CMS/version1/CMS-EVO/node_modules/npm/bin/node-gyp-bin:/Users/ramirovergara/workspace/EVO/CMS/version1/CMS-EVO/node_modules/.bin:/usr/local/lib/node_modules/npm/bin/node-gyp-bin:/Users/ramirovergara/workspace/EVO/CMS/version1/CMS-EVO/node_modules/.bin:/usr/local/bin:/usr/bin:/bin:/usr/sbin:/sbin
11 verbose lifecycle ng2-admin@1.0.0~build:prod: CWD: /Users/ramirovergara/workspace/EVO/CMS/version1/CMS-EVO
12 silly lifecycle ng2-admin@1.0.0~build:prod: Args: [ '-c', 'npm run build -- --prod "--aot"' ]
13 silly lifecycle ng2-admin@1.0.0~build:prod: Returned: code: 1  signal: null
14 info lifecycle ng2-admin@1.0.0~build:prod: Failed to exec build:prod script
15 verbose stack Error: ng2-admin@1.0.0 build:prod: `npm run build -- --prod "--aot"`
15 verbose stack Exit status 1
15 verbose stack     at EventEmitter.<anonymous> (/Users/ramirovergara/workspace/EVO/CMS/version1/CMS-EVO/node_modules/npm/lib/utils/lifecycle.js:232:16)
15 verbose stack     at emitTwo (events.js:106:13)
15 verbose stack     at EventEmitter.emit (events.js:191:7)
15 verbose stack     at ChildProcess.<anonymous> (/Users/ramirovergara/workspace/EVO/CMS/version1/CMS-EVO/node_modules/npm/lib/utils/spawn.js:24:14)
15 verbose stack     at emitTwo (events.js:106:13)
15 verbose stack     at ChildProcess.emit (events.js:191:7)
15 verbose stack     at maybeClose (internal/child_process.js:920:16)
15 verbose stack     at Process.ChildProcess._handle.onexit (internal/child_process.js:230:5)
16 verbose pkgid ng2-admin@1.0.0
17 verbose cwd /Users/ramirovergara/workspace/EVO/CMS/version1/CMS-EVO
18 error Darwin 16.7.0
19 error argv "/usr/local/bin/node" "/Users/ramirovergara/workspace/EVO/CMS/version1/CMS-EVO/node_modules/.bin/npm" "run" "build:prod" "--" "--aot"
20 error node v6.11.4
21 error npm  v3.5.4
22 error code ELIFECYCLE
23 error ng2-admin@1.0.0 build:prod: `npm run build -- --prod "--aot"`
23 error Exit status 1
24 error Failed at the ng2-admin@1.0.0 build:prod script 'npm run build -- --prod "--aot"'.
24 error Make sure you have the latest version of node.js and npm installed.
24 error If you do, this is most likely a problem with the ng2-admin package,
24 error not with npm itself.
24 error Tell the author that this fails on your system:
24 error     npm run build -- --prod "--aot"
24 error You can get information on how to open an issue for this project with:
24 error     npm bugs ng2-admin
24 error Or if that isn't available, you can get their info via:
24 error     npm owner ls ng2-admin
24 error There is likely additional logging output above.
25 verbose exit [ 1, true ]
